{"/home/sinope/WebstormProjects/nopCommerce-cli/bin/config/index.js": {"path":"/home/sinope/WebstormProjects/nopCommerce-cli/bin/config/index.js","statementMap":{"0":{"start":{"line":5,"column":8},"end":{"line":5,"column":42}},"1":{"start":{"line":9,"column":8},"end":{"line":14,"column":10}},"2":{"start":{"line":18,"column":8},"end":{"line":23,"column":10}},"3":{"start":{"line":27,"column":8},"end":{"line":30,"column":10}},"4":{"start":{"line":34,"column":8},"end":{"line":34,"column":46}},"5":{"start":{"line":38,"column":8},"end":{"line":38,"column":40}},"6":{"start":{"line":42,"column":8},"end":{"line":42,"column":47}}},"fnMap":{"0":{"name":"(anonymous_0)","decl":{"start":{"line":4,"column":4},"end":{"line":4,"column":5}},"loc":{"start":{"line":4,"column":21},"end":{"line":6,"column":5}},"line":4},"1":{"name":"(anonymous_1)","decl":{"start":{"line":8,"column":4},"end":{"line":8,"column":5}},"loc":{"start":{"line":8,"column":27},"end":{"line":15,"column":5}},"line":8},"2":{"name":"(anonymous_2)","decl":{"start":{"line":17,"column":4},"end":{"line":17,"column":5}},"loc":{"start":{"line":17,"column":29},"end":{"line":24,"column":5}},"line":17},"3":{"name":"(anonymous_3)","decl":{"start":{"line":26,"column":4},"end":{"line":26,"column":5}},"loc":{"start":{"line":26,"column":28},"end":{"line":31,"column":5}},"line":26},"4":{"name":"(anonymous_4)","decl":{"start":{"line":33,"column":4},"end":{"line":33,"column":5}},"loc":{"start":{"line":33,"column":38},"end":{"line":35,"column":5}},"line":33},"5":{"name":"(anonymous_5)","decl":{"start":{"line":37,"column":4},"end":{"line":37,"column":5}},"loc":{"start":{"line":37,"column":40},"end":{"line":39,"column":5}},"line":37},"6":{"name":"(anonymous_6)","decl":{"start":{"line":41,"column":4},"end":{"line":41,"column":5}},"loc":{"start":{"line":41,"column":34},"end":{"line":43,"column":5}},"line":41}},"branchMap":{},"s":{"0":0,"1":1,"2":0,"3":0,"4":0,"5":0,"6":0},"f":{"0":0,"1":1,"2":0,"3":0,"4":0,"5":0,"6":0},"b":{},"_coverageSchema":"1a1c01bbd47fc00a2c39e90264f33305004495a9","hash":"ef5c22c9e32d27fbde5153f66c1243cb1a34b9b0"}
}
